Arguments: 
  /Users/tetogomez/.nvm/versions/node/v16.7.0/bin/node /usr/local/Cellar/yarn/1.22.5/libexec/bin/yarn.js set version from sources

PATH: 
  /Users/tetogomez/.nvm/versions/node/v16.7.0/bin:/usr/local/bin:/usr/bin:/bin:/usr/sbin:/sbin:/Library/Apple/usr/bin:/Users/tetogomez/Library/Android/sdk/emulator:/Users/tetogomez/Library/Android/sdk/tools:/Users/tetogomez/Library/Android/sdk/tools/bin:/Users/tetogomez/Library/Android/sdk/platform-tools

Yarn version: 
  1.22.5

Node version: 
  16.7.0

Platform: 
  darwin x64

Trace: 
  Error: Release not found: from
      at /usr/local/Cellar/yarn/1.22.5/libexec/lib/cli.js:90297:17
      at Generator.next (<anonymous>)
      at step (/usr/local/Cellar/yarn/1.22.5/libexec/lib/cli.js:310:30)
      at /usr/local/Cellar/yarn/1.22.5/libexec/lib/cli.js:321:13
      at processTicksAndRejections (node:internal/process/task_queues:96:5)

npm manifest: 
  No manifest

yarn manifest: 
  No manifest

Lockfile: 
  No lockfile
